{"document": "./hardware/PCB_Requirement_RD_T20_BULL_V1.0_160913.docx", "document_id": "BBA66DF2669F3B2D8451C7F02AA2A2C0", "error_message": "Failed to open the uploaded document."}
{"document": "./file.docx", "document_id": "B485AD0E46E666612911A76CF04D3424", "error_message": "Source and target language are equal."}
{"document": "./hardware/RD_HFJZ_CAMERA_V3.0_20151026B.pdf", "document_id": "4524B90EF83F48AE50C99B4818552A4B", "error_message": "Source and target language are equal."}
{"document": "./hardware/RD_T20_BULL_V10_20160912B.pdf", "document_id": "47F2BE9233C80E19298C95A6921D9581", "error_message": "Source and target language are equal."}
{"document": "./res/wifi/firmware/ap6181/nvram.txt", "document_id": "67E936201D72CB9181081C292B567794", "error_message": "Source and target language are equal."}
{"document": "./res/wifi/drivers/mtk/mt7601/smartlink/res/core.h.txt", "document_id": "72A4285D12A618B7A5B097D4FA619B02", "error_message": "Source and target language are equal."}
{"document": "./samples/libimp-samples/sample-Encoder-h264-IVS-move.c.txt", "document_id": "A392D45F55D69D68DB5E2BC844A026B6", "error_message": "Source and target language are equal."}
{"document": "./samples/libimp-samples/sample-ISP-flip.c.txt", "document_id": "46CAC83FEC4775588A239A05359BA9F6", "error_message": "Source and target language are equal."}
{"document": "./samples/libimp-samples/sample-Setfps.c.txt", "document_id": "32086709D853874D132EC83D6880B985", "error_message": "Source and target language are equal."}
{"document": "./samples/libimp-samples/sample-Snap-Raw.c.txt", "document_id": "C1AAE8531F3794F2A04AF39EABAB7B02", "error_message": "Source and target language are equal."}
{"document": "./samples/libimp-samples/sample-common.h.txt", "document_id": "0E68D155AFEC171DFF72A2954EC2C932", "error_message": "Source and target language are equal."}
{"document": "./samples/libimp-samples/sample-OSD.c.txt", "document_id": "D0C77D5016D87FC99101AC8E2A741C39", "error_message": "Source and target language are equal."}
{"document": "./samples/libimp-samples/sample-Audio.c.txt", "document_id": "EC1061571262C4D3C861CA49398E4952", "error_message": "Source and target language are equal."}
{"document": "./samples/libimp-samples/sample-common.c.txt", "document_id": "B931E7567782BAF1989504DA6645C015", "error_message": "Source and target language are equal."}
{"document": "./samples/libimp-samples/sample-Encoder-jpeg.c.txt", "document_id": "EBFB3C46F432624CBBC1602114D94CF9", "error_message": "Source and target language are equal."}
{"document": "./samples/libimp-samples/sample-Change-Resolution-Common.h.txt", "document_id": "8536EC49AC092440F872CAA63920A4C2", "error_message": "Source and target language are equal."}
{"document": "./samples/libimp-samples/sample-Encoder-h264.c.txt", "document_id": "6716C878710081B8D9BEC65433F48EF1", "error_message": "Source and target language are equal."}
{"document": "./samples/libimp-samples/sample-Change-Resolution-Common.c.txt", "document_id": "2E257B68CD400F2D03E65B83BC84D1C0", "error_message": "Source and target language are equal."}
{"document": "./samples/libimp-samples/sample-Decoder-jpeg.c.txt", "document_id": "C16A173435FBB4BB746A925BD57E9233", "error_message": "Source and target language are equal."}
{"document": "./samples/libimp-samples/sample-Encoder-h264-jpeg.c.txt", "document_id": "E4536E5A57936B6CDDE4906BFA553359", "error_message": "Source and target language are equal."}
{"document": "./samples/libsysutils-samples/sample-alarm.c.txt", "document_id": "68144A21D6404F0BE499F9D1BD2706BA", "error_message": "Source and target language are equal."}
{"document": "./samples/libsysutils-samples/sample-cipher.c.txt", "document_id": "51737D06B51FB4C8EA9DB6A333C82983", "error_message": "Source and target language are equal."}
{"document": "./samples/libsysutils-samples/sample-pir.c.txt", "document_id": "618245903E8D7569E23A06F767B8FF70", "error_message": "Source and target language are equal."}
{"document": "./samples/libsysutils-samples/sample-keyevent.c.txt", "document_id": "0593CF7CFE8A7D4DC93E95F736541058", "error_message": "Source and target language are equal."}
{"document": "./samples/libsysutils-samples/sample-led.c.txt", "document_id": "CCE802EC54B382D9F25CB893F7C3899C", "error_message": "Source and target language are equal."}
{"document": "./include/imp/imp_log.h.txt", "document_id": "7AFE6F49E8E07A9C836489A389D9FBB3", "error_message": "Source and target language are equal."}
